<?xml version="1.0" encoding="UTF-8" ?>
<testsuite tests="16" failures="0" name="testRunner.TestRunner" time="10.633" errors="0" skipped="0">
  <properties>
    <property name="java.runtime.name" value="Java(TM) SE Runtime Environment"/>
    <property name="sun.boot.library.path" value="C:\Program Files\Java\jdk1.8.0_191\jre\bin"/>
    <property name="java.vm.version" value="25.191-b12"/>
    <property name="java.vm.vendor" value="Oracle Corporation"/>
    <property name="maven.multiModuleProjectDirectory" value="C:\Users\Muneer\eclipse-workspace\sounds-automation-tests"/>
    <property name="java.vendor.url" value="http://java.oracle.com/"/>
    <property name="path.separator" value=";"/>
    <property name="guice.disable.misplaced.annotation.check" value="true"/>
    <property name="java.vm.name" value="Java HotSpot(TM) 64-Bit Server VM"/>
    <property name="file.encoding.pkg" value="sun.io"/>
    <property name="user.script" value=""/>
    <property name="user.country" value="GB"/>
    <property name="sun.java.launcher" value="SUN_STANDARD"/>
    <property name="sun.os.patch.level" value=""/>
    <property name="java.vm.specification.name" value="Java Virtual Machine Specification"/>
    <property name="user.dir" value="C:\Users\Muneer\eclipse-workspace\sounds-automation-tests"/>
    <property name="java.runtime.version" value="1.8.0_191-b12"/>
    <property name="java.awt.graphicsenv" value="sun.awt.Win32GraphicsEnvironment"/>
    <property name="java.endorsed.dirs" value="C:\Program Files\Java\jdk1.8.0_191\jre\lib\endorsed"/>
    <property name="os.arch" value="amd64"/>
    <property name="java.io.tmpdir" value="C:\Users\Muneer\AppData\Local\Temp\"/>
    <property name="line.separator" value="
"/>
    <property name="java.vm.specification.vendor" value="Oracle Corporation"/>
    <property name="user.variant" value=""/>
    <property name="os.name" value="Windows 10"/>
    <property name="classworlds.conf" value="C:\Users\Muneer\eclipse-workspace\.metadata\.plugins\org.eclipse.m2e.launching\launches\m2conf3259941398865384943.tmp"/>
    <property name="sun.jnu.encoding" value="Cp1252"/>
    <property name="java.library.path" value="C:\Program Files\Java\jdk1.8.0_191\bin;C:\WINDOWS\Sun\Java\bin;C:\WINDOWS\system32;C:\WINDOWS;C:/Program Files/Java/jre1.8.0_191/bin/server;C:/Program Files/Java/jre1.8.0_191/bin;C:/Program Files/Java/jre1.8.0_191/lib/amd64;C:\Program Files (x86)\Common Files\Oracle\Java\javapath;c:\Program Files (x86)\Intel\iCLS Client\;c:\Program Files\Intel\iCLS Client\;C:\WINDOWS\system32;C:\WINDOWS;C:\WINDOWS\System32\Wbem;C:\WINDOWS\System32\WindowsPowerShell\v1.0\;C:\Program Files\Intel\Intel(R) Management Engine Components\DAL;C:\Program Files\Intel\Intel(R) Management Engine Components\IPT;C:\Program Files (x86)\Intel\Intel(R) Management Engine Components\DAL;C:\Program Files (x86)\Intel\Intel(R) Management Engine Components\IPT;C:\Program Files\Java\jdk1.8.0_131\bin;C:\Users\Muneer\Desktop\Tools\apache-maven-3.2.3\bin;C:\Program Files\Microsoft SQL Server\130\Tools\Binn\;C:\Program Files\dotnet\;C:\WINDOWS\System32\OpenSSH\;C:\Program Files (x86)\;C:\Program Files\Microsoft VS Code\bin;C:\Users\Muneer\AppData\Local\Microsoft\WindowsApps;;C:\Users\Muneer\AppData\Local\Programs\Fiddler;C:\Users\Muneer\AppData\Local\Microsoft\WindowsApps;C:\Users\Muneer\AppData\Roaming\npm;C:\WINDOWS\System32;;."/>
    <property name="java.specification.name" value="Java Platform API Specification"/>
    <property name="java.class.version" value="52.0"/>
    <property name="sun.management.compiler" value="HotSpot 64-Bit Tiered Compilers"/>
    <property name="os.version" value="10.0"/>
    <property name="user.home" value="C:\Users\Muneer"/>
    <property name="user.timezone" value="Europe/London"/>
    <property name="java.awt.printerjob" value="sun.awt.windows.WPrinterJob"/>
    <property name="java.specification.version" value="1.8"/>
    <property name="file.encoding" value="Cp1252"/>
    <property name="user.name" value="Muneer"/>
    <property name="java.class.path" value="C:\Users\Muneer\.p2\pool\plugins\org.eclipse.m2e.maven.runtime_1.9.1.20180912-1600\jars\plexus-classworlds-2.5.2.jar"/>
    <property name="java.vm.specification.version" value="1.8"/>
    <property name="sun.arch.data.model" value="64"/>
    <property name="java.home" value="C:\Program Files\Java\jdk1.8.0_191\jre"/>
    <property name="sun.java.command" value="org.codehaus.plexus.classworlds.launcher.Launcher -B install"/>
    <property name="java.specification.vendor" value="Oracle Corporation"/>
    <property name="user.language" value="en"/>
    <property name="awt.toolkit" value="sun.awt.windows.WToolkit"/>
    <property name="java.vm.info" value="mixed mode"/>
    <property name="java.version" value="1.8.0_191"/>
    <property name="java.ext.dirs" value="C:\Program Files\Java\jdk1.8.0_191\jre\lib\ext;C:\WINDOWS\Sun\Java\lib\ext"/>
    <property name="sun.boot.class.path" value="C:\Program Files\Java\jdk1.8.0_191\jre\lib\resources.jar;C:\Program Files\Java\jdk1.8.0_191\jre\lib\rt.jar;C:\Program Files\Java\jdk1.8.0_191\jre\lib\sunrsasign.jar;C:\Program Files\Java\jdk1.8.0_191\jre\lib\jsse.jar;C:\Program Files\Java\jdk1.8.0_191\jre\lib\jce.jar;C:\Program Files\Java\jdk1.8.0_191\jre\lib\charsets.jar;C:\Program Files\Java\jdk1.8.0_191\jre\lib\jfr.jar;C:\Program Files\Java\jdk1.8.0_191\jre\classes"/>
    <property name="java.vendor" value="Oracle Corporation"/>
    <property name="maven.home" value="C:\Users\Muneer\eclipse-workspace\sounds-automation-tests\EMBEDDED"/>
    <property name="file.separator" value="\"/>
    <property name="java.vendor.url.bug" value="http://bugreport.sun.com/bugreport/"/>
    <property name="sun.cpu.endian" value="little"/>
    <property name="sun.io.unicode.encoding" value="UnicodeLittle"/>
    <property name="sun.desktop" value="windows"/>
    <property name="sun.cpu.isalist" value="amd64"/>
  </properties>
  <testcase classname="Scenario: Radio 1 and Radio 2 logos are displayed in the Listen Live module the Sounds Homepage" name="Given I am on the BBC Sounds Homepage" time="0.015"/>
  <testcase classname="Scenario: Radio 1 and Radio 2 logos are displayed in the Listen Live module the Sounds Homepage" name="When I select the Listen logo" time="0.002"/>
  <testcase classname="Scenario: Radio 1 and Radio 2 logos are displayed in the Listen Live module the Sounds Homepage" name="Then I am on the Sounds Homepage" time="0"/>
  <testcase classname="Scenario: Radio 1 and Radio 2 logos are displayed in the Listen Live module the Sounds Homepage" name="And I can see Radio 1 logo" time="0"/>
  <testcase classname="Scenario: Radio 1 and Radio 2 logos are displayed in the Listen Live module the Sounds Homepage" name="And I can see Radio 2 logo" time="0"/>
  <testcase classname="Scenario: Radio 1 and Radio 2 logos are displayed in the Listen Live module the Sounds Homepage" name="Scenario: Radio 1 and Radio 2 logos are displayed in the Listen Live module the Sounds Homepage" time="1.919"/>
  <testcase classname="Scenario: Verify network station logos are displayed on the Stations page" name="Given I am on the BBC Sounds Homepage" time="0"/>
  <testcase classname="Scenario: Verify network station logos are displayed on the Stations page" name="When I click the Stations link" time="0"/>
  <testcase classname="Scenario: Verify network station logos are displayed on the Stations page" name="Then I am on the Stations page" time="0"/>
  <testcase classname="Scenario: Verify network station logos are displayed on the Stations page" name="And I see 17 network station logos" time="0"/>
  <testcase classname="Scenario: Verify network station logos are displayed on the Stations page" name="Scenario: Verify network station logos are displayed on the Stations page" time="7.029"/>
  <testcase classname="Scenario: Selecting the Hip Hop category from the Categories module on the Sounds Homepage" name="Given I am on the BBC Sounds Homepage" time="0"/>
  <testcase classname="Scenario: Selecting the Hip Hop category from the Categories module on the Sounds Homepage" name="When I select Hip Hop Category" time="0"/>
  <testcase classname="Scenario: Selecting the Hip Hop category from the Categories module on the Sounds Homepage" name="Then I am on Hip Hop Category page" time="0"/>
  <testcase classname="Scenario: Selecting the Hip Hop category from the Categories module on the Sounds Homepage" name="And I see Category page is sorted by popular" time="0"/>
  <testcase classname="Scenario: Selecting the Hip Hop category from the Categories module on the Sounds Homepage" name="Scenario: Selecting the Hip Hop category from the Categories module on the Sounds Homepage" time="1.668"/>
</testsuite>